<?xml version="1.0" encoding="UTF-8" ?>
<testsuite tests="94" failures="0" name="TestSuite" time="19.535" errors="0" skipped="0">
  <properties>
[...]
</properties>
  <testcase classname="edu.cmu.sphinx.fst.ArcSortTest" name="testArcSort" time="0.014"/>
  <testcase classname="edu.cmu.sphinx.frontend.AudioDataSourcesTest" name="test8KhzSource" time="0.14"/>
  <testcase classname="edu.cmu.sphinx.frontend.AudioDataSourcesTest" name="testConcatDataSource" time="0.03"/>
  <testcase classname="edu.cmu.sphinx.frontend.AudioDataSourcesTest" name="testSimpleFileSources" time="0.024"/>
  <testcase classname="edu.cmu.sphinx.tools.bandwidth.BandDetectorTest" name="test" time="0.259"/>
  <testcase classname="edu.cmu.sphinx.linguist.language.grammar.BatchForcedAlignerGrammarTest" name="testForcedAlignerGrammar" time="0.448"/>
  <testcase classname="edu.cmu.sphinx.util.props.ComponentPropertyTest" name="testDefInstance" time="0.003"/>
  <testcase classname="edu.cmu.sphinx.fst.ComposeEpsilonTest" name="testCompose" time="0.017"/>
  <testcase classname="edu.cmu.sphinx.fst.ComposeTest" name="testCompose" time="0.03"/>
  <testcase classname="edu.cmu.sphinx.util.props.ConfigurationManagerTest" name="testDynamicConfCreation" time="0.012"/>
  <testcase classname="edu.cmu.sphinx.util.props.ConfigurationManagerTest" name="testDynamicConfiguruationChange" time="0.145"/>
  <testcase classname="edu.cmu.sphinx.util.props.ConfigurationManagerTest" name="testGetComponentClass" time="0.011"/>
  <testcase classname="edu.cmu.sphinx.util.props.ConfigurationManagerTest" name="testSerialization" time="0.02"/>
  <testcase classname="edu.cmu.sphinx.util.props.ConfigurationManagerTest" name="testSerializeDynamicConfiguration" time="0.002"/>
  <testcase classname="edu.cmu.sphinx.util.props.ConfigurationManagerTest" name="testXmlExtendedConfiguration" time="0.007"/>
  <testcase classname="edu.cmu.sphinx.fst.ConnectTest" name="testConnect" time="0.012"/>
  <testcase classname="edu.cmu.sphinx.frontend.DataBlockerTest" name="skipLastSamples on DataBlockerTest" time="0.001"/>
  <testcase classname="edu.cmu.sphinx.frontend.DataBlockerTest" name="testLongInput on DataBlockerTest" time="0.001"/>
  <testcase classname="edu.cmu.sphinx.frontend.DataBlockerTest" name="testUsualInput on DataBlockerTest" time="0.001"/>
  <testcase classname="edu.cmu.sphinx.fst.DeterminizeTest" name="testDeterminize" time="0.007"/>
  <testcase classname="edu.cmu.sphinx.linguist.dictionary.DictionaryTest" name="testDictionary" time="2.387"/>
  <testcase classname="edu.cmu.sphinx.linguist.language.ngram.DynamicTrigramModelTest" name="bigramModel" time="0.029"/>
  <testcase classname="edu.cmu.sphinx.linguist.language.ngram.DynamicTrigramModelTest" name="trigramModel" time="0.001"/>
  <testcase classname="edu.cmu.sphinx.linguist.language.ngram.DynamicTrigramModelTest" name="unigramModel" time="0.002"/>
  <testcase classname="edu.cmu.sphinx.linguist.language.grammar.FSTGrammarTest" name="testForcedAlignerGrammar" time="0.008"/>
  <testcase classname="edu.cmu.sphinx.frontend.FrontendElementTest" name="testElement" time="0.644"/>
  <testcase classname="edu.cmu.sphinx.frontend.FrontendElementTest" name="testElement" time="0.123"/>
  <testcase classname="edu.cmu.sphinx.frontend.FrontendElementTest" name="testElement" time="0.095"/>
  <testcase classname="edu.cmu.sphinx.frontend.FrontendElementTest" name="testElement" time="0.037"/>
  <testcase classname="edu.cmu.sphinx.frontend.FrontendElementTest" name="testElement" time="0.048"/>
  <testcase classname="edu.cmu.sphinx.frontend.FrontendElementTest" name="testElement" time="0.036"/>
  <testcase classname="edu.cmu.sphinx.frontend.FrontendElementTest" name="testElement" time="0.047"/>
  <testcase classname="edu.cmu.sphinx.fst.ImportTest" name="testConvert" time="0.005"/>
  <testcase classname="edu.cmu.sphinx.linguist.language.ngram.large.LargeNgramTest" name="testNgram" time="0.018"/>
  <testcase classname="edu.cmu.sphinx.result.LatticeCompTest" name="testLatticeComp" time="14.689"/>
  <testcase classname="edu.cmu.sphinx.linguist.acoustic.tiedstate.test.MixtureComponentTest" name="testClone" time="0"/>
  <testcase classname="edu.cmu.sphinx.linguist.acoustic.tiedstate.test.MixtureComponentTest" name="testUnivariateDensity" time="0"/>
  <testcase classname="edu.cmu.sphinx.linguist.acoustic.tiedstate.test.MixtureComponentTest" name="testUnivariateMeanTransformation" time="0"/>
  <testcase classname="edu.cmu.sphinx.fst.NShortestPathsTest" name="testNShortestPaths" time="0.021"/>
  <testcase classname="edu.cmu.sphinx.frontend.NonSpeechDataFilterTest" name="testMultipleEmptyAndNonemptySegments on NonSpeechDataFilterTest" time="0.003"/>
  <testcase classname="edu.cmu.sphinx.frontend.NonSpeechDataFilterTest" name="testMultipleSpeechRegionWithoutMerging on NonSpeechDataFilterTest" time="0.001"/>
  <testcase classname="edu.cmu.sphinx.frontend.NonSpeechDataFilterTest" name="testOneSpeechRegion on NonSpeechDataFilterTest" time="0.001"/>
  <testcase classname="edu.cmu.sphinx.decoder.search.test.PartitionerTest" name="testPartitionOrders" time="0.06"/>
  <testcase classname="edu.cmu.sphinx.decoder.search.test.PartitionerTest" name="testPartitionSizes" time="0.02"/>
  <testcase classname="edu.cmu.sphinx.result.PosteriorTest" name="testPosterior" time="0.001"/>
  <testcase classname="edu.cmu.sphinx.fst.ProjectTest" name="testProject" time="0.004"/>
  <testcase classname="edu.cmu.sphinx.fst.ReverseTest" name="testReverse" time="0.009"/>
  <testcase classname="edu.cmu.sphinx.fst.RmEpsilonTest" name="testRmEpsilon" time="0.013"/>
  <testcase classname="edu.cmu.sphinx.alignment.SpeechAlignerTest" name="shouldAlignText" time="0.006"/>
  <testcase classname="edu.cmu.sphinx.frontend.SpeechMarkerTest" name="testEndWithoutSilence on SpeechMarkerTest" time="0"/>
  <testcase classname="edu.cmu.sphinx.util.props.TestConfigurable" name="testDynamicConfCreationWithoutDefaultProperty" time="0"/>
  <testcase classname="edu.cmu.sphinx.util.props.TestConfigurable" name="testNullStringProperty" time="0.001"/>
  <testcase classname="edu.cmu.sphinx.util.props.TestConfigurable" name="testPropSheetFromConfigurableInstance" time="0.001"/>
  <testcase classname="edu.cmu.sphinx.alignment.TextAlignerSmallTest" name="align" time="0"/>
  <testcase classname="edu.cmu.sphinx.alignment.TextAlignerSmallTest" name="align" time="0"/>
  <testcase classname="edu.cmu.sphinx.alignment.TextAlignerSmallTest" name="align" time="0"/>
  <testcase classname="edu.cmu.sphinx.alignment.TextAlignerSmallTest" name="align" time="0.001"/>
  <testcase classname="edu.cmu.sphinx.alignment.UsEnglishWordExpanderTest" name="textToWords" time="0.014"/>
  <testcase classname="edu.cmu.sphinx.alignment.UsEnglishWordExpanderTest" name="textToWords" time="0.002"/>
  <testcase classname="edu.cmu.sphinx.alignment.UsEnglishWordExpanderTest" name="textToWords" time="0"/>
  <testcase classname="edu.cmu.sphinx.alignment.UsEnglishWordExpanderTest" name="textToWords" time="0"/>
  <testcase classname="edu.cmu.sphinx.alignment.UsEnglishWordExpanderTest" name="textToWords" time="0.002"/>
  <testcase classname="edu.cmu.sphinx.alignment.UsEnglishWordExpanderTest" name="textToWords" time="0.001"/>
  <testcase classname="edu.cmu.sphinx.alignment.UsEnglishWordExpanderTest" name="textToWords" time="0.001"/>
  <testcase classname="edu.cmu.sphinx.alignment.UsEnglishWordExpanderTest" name="textToWords" time="0"/>
  <testcase classname="edu.cmu.sphinx.alignment.UsEnglishWordExpanderTest" name="textToWords" time="0.001"/>
  <testcase classname="edu.cmu.sphinx.alignment.UsEnglishWordExpanderTest" name="textToWords" time="0.001"/>
  <testcase classname="edu.cmu.sphinx.alignment.UsEnglishWordExpanderTest" name="textToWords" time="0.001"/>
  <testcase classname="edu.cmu.sphinx.alignment.UsEnglishWordExpanderTest" name="textToWords" time="0.001"/>
  <testcase classname="edu.cmu.sphinx.alignment.UsEnglishWordExpanderTest" name="textToWords" time="0.001"/>
  <testcase classname="edu.cmu.sphinx.alignment.UsEnglishWordExpanderTest" name="textToWords" time="0"/>
  <testcase classname="edu.cmu.sphinx.alignment.UsEnglishWordExpanderTest" name="textToWords" time="0.001"/>
  <testcase classname="edu.cmu.sphinx.alignment.UsEnglishWordExpanderTest" name="textToWords" time="0.001"/>
  <testcase classname="edu.cmu.sphinx.alignment.UsEnglishWordExpanderTest" name="textToWords" time="0"/>
  <testcase classname="edu.cmu.sphinx.alignment.UsEnglishWordExpanderTest" name="textToWords" time="0.001"/>
  <testcase classname="edu.cmu.sphinx.alignment.UsEnglishWordExpanderTest" name="textToWords" time="0"/>
  <testcase classname="edu.cmu.sphinx.alignment.UsEnglishWordExpanderTest" name="textToWords" time="0"/>
  <testcase classname="edu.cmu.sphinx.alignment.UsEnglishWordExpanderTest" name="textToWords" time="0.001"/>
  <testcase classname="edu.cmu.sphinx.alignment.UsEnglishWordExpanderTest" name="textToWords" time="0"/>
  <testcase classname="edu.cmu.sphinx.alignment.UsEnglishWordExpanderTest" name="textToWords" time="0"/>
  <testcase classname="edu.cmu.sphinx.alignment.UsEnglishWordExpanderTest" name="textToWords" time="0"/>
  <testcase classname="edu.cmu.sphinx.alignment.UsEnglishWordExpanderTest" name="textToWords" time="0.001"/>
  <testcase classname="edu.cmu.sphinx.alignment.UsEnglishWordExpanderTest" name="textToWords" time="0"/>
  <testcase classname="edu.cmu.sphinx.alignment.UsEnglishWordExpanderTest" name="textToWords" time="0"/>
  <testcase classname="edu.cmu.sphinx.alignment.UsEnglishWordExpanderTest" name="textToWords" time="0.001"/>
  <testcase classname="edu.cmu.sphinx.alignment.UsEnglishWordExpanderTest" name="textToWords" time="0.001"/>
  <testcase classname="edu.cmu.sphinx.alignment.UsEnglishWordExpanderTest" name="textToWords" time="0"/>
  <testcase classname="edu.cmu.sphinx.alignment.UsEnglishWordExpanderTest" name="textToWords" time="0"/>
  <testcase classname="edu.cmu.sphinx.alignment.UsEnglishWordExpanderTest" name="textToWords" time="0"/>
  <testcase classname="edu.cmu.sphinx.linguist.WordSequenceTest" name="comparison" time="0.003"/>
  <testcase classname="edu.cmu.sphinx.linguist.WordSequenceTest" name="equals" time="0.003"/>
  <testcase classname="edu.cmu.sphinx.linguist.WordSequenceTest" name="getNewest" time="0"/>
  <testcase classname="edu.cmu.sphinx.linguist.WordSequenceTest" name="getOldest" time="0.002"/>
  <testcase classname="edu.cmu.sphinx.linguist.WordSequenceTest" name="unknownWords" time="0"/>
</testsuite>